<?xml version="1.0" encoding="UTF-8"?>
<testng-results skipped="0" failed="0" ignored="0" total="1" passed="1">
  <reporter-output>
  </reporter-output>
  <suite name="Default suite" duration-ms="66929" started-at="2022-02-12T17:31:07Z" finished-at="2022-02-12T17:32:14Z">
    <groups>
    </groups>
    <test name="Default test" duration-ms="66929" started-at="2022-02-12T17:31:07Z" finished-at="2022-02-12T17:32:14Z">
      <class name="testcases.SearchFlight">
        <test-method status="PASS" signature="launchApplication()[pri:0, instance:testcases.SearchFlight@1fa3a9d]" name="launchApplication" is-config="true" duration-ms="21651" started-at="2022-02-12T17:31:07Z" finished-at="2022-02-12T17:31:28Z">
          <reporter-output>
          </reporter-output>
        </test-method> <!-- launchApplication -->
        <test-method status="PASS" signature="search_flight()[pri:0, instance:testcases.SearchFlight@1fa3a9d]" name="search_flight" duration-ms="39703" started-at="2022-02-12T17:31:28Z" finished-at="2022-02-12T17:32:08Z">
          <reporter-output>
          </reporter-output>
        </test-method> <!-- search_flight -->
        <test-method status="PASS" signature="teardown()[pri:0, instance:testcases.SearchFlight@1fa3a9d]" name="teardown" is-config="true" duration-ms="5537" started-at="2022-02-12T17:32:08Z" finished-at="2022-02-12T17:32:14Z">
          <reporter-output>
          </reporter-output>
        </test-method> <!-- teardown -->
      </class> <!-- testcases.SearchFlight -->
    </test> <!-- Default test -->
  </suite> <!-- Default suite -->
</testng-results>
