<?xml version="1.0" encoding="UTF-8"?>
<testng-results skipped="0" failed="0" ignored="0" total="1" passed="1">
  <reporter-output>
  </reporter-output>
  <suite name="Default suite" duration-ms="238162" started-at="2022-02-11T07:29:13Z" finished-at="2022-02-11T07:33:11Z">
    <groups>
    </groups>
    <test name="Default test" duration-ms="238162" started-at="2022-02-11T07:29:13Z" finished-at="2022-02-11T07:33:11Z">
      <class name="testcases.SearchFlight">
        <test-method status="PASS" signature="launchApplication()[pri:0, instance:testcases.SearchFlight@1deb50e]" name="launchApplication" is-config="true" duration-ms="70301" started-at="2022-02-11T07:29:13Z" finished-at="2022-02-11T07:30:23Z">
          <reporter-output>
          </reporter-output>
        </test-method> <!-- launchApplication -->
        <test-method status="PASS" signature="search_flight()[pri:0, instance:testcases.SearchFlight@1deb50e]" name="search_flight" duration-ms="134538" started-at="2022-02-11T07:30:23Z" finished-at="2022-02-11T07:32:38Z">
          <reporter-output>
          </reporter-output>
        </test-method> <!-- search_flight -->
        <test-method status="PASS" signature="teardown()[pri:0, instance:testcases.SearchFlight@1deb50e]" name="teardown" is-config="true" duration-ms="33256" started-at="2022-02-11T07:32:38Z" finished-at="2022-02-11T07:33:11Z">
          <reporter-output>
          </reporter-output>
        </test-method> <!-- teardown -->
      </class> <!-- testcases.SearchFlight -->
    </test> <!-- Default test -->
  </suite> <!-- Default suite -->
</testng-results>
